  Credit_Card.cpp
C:\Users\ElRomario\source\repos\курсовая\курсовая\Wallet.h(11,10): error C2065: Debit_Card: необъявленный идентификатор
C:\Users\ElRomario\source\repos\курсовая\курсовая\Wallet.h(11,3): error C2923: std::vector: "Debit_Card" не является допустимым аргументом типа шаблон для параметра "_Ty"
C:\Users\ElRomario\source\repos\курсовая\курсовая\Wallet.h(11): message : см. объявление "Debit_Card"
C:\Users\ElRomario\source\repos\курсовая\курсовая\Wallet.h(11,3): error C2976: std::vector: слишком мало аргументов шаблон
C:\Program Files (x86)\Microsoft Visual Studio\2019\Community\VC\Tools\MSVC\14.29.30133\include\vector(443): message : см. объявление "std::vector"
C:\Users\ElRomario\source\repos\курсовая\курсовая\Wallet.h(17,9): error C2061: синтаксическая ошибка: идентификатор "Debit_Card"
C:\Users\ElRomario\source\repos\курсовая\курсовая\Wallet.h(17,8): error C2535: Wallet::Wallet(void): функция-член уже определена или объявлена
C:\Users\ElRomario\source\repos\курсовая\курсовая\Wallet.h(16): message : см. объявление "Wallet::Wallet"
  Debit_Card.cpp
C:\Users\ElRomario\source\repos\курсовая\курсовая\Wallet.h(11,10): error C2065: Debit_Card: необъявленный идентификатор
C:\Users\ElRomario\source\repos\курсовая\курсовая\Wallet.h(11,3): error C2923: std::vector: "Debit_Card" не является допустимым аргументом типа шаблон для параметра "_Ty"
C:\Users\ElRomario\source\repos\курсовая\курсовая\Wallet.h(11): message : см. объявление "Debit_Card"
C:\Users\ElRomario\source\repos\курсовая\курсовая\Wallet.h(11,3): error C2976: std::vector: слишком мало аргументов шаблон
C:\Program Files (x86)\Microsoft Visual Studio\2019\Community\VC\Tools\MSVC\14.29.30133\include\vector(443): message : см. объявление "std::vector"
C:\Users\ElRomario\source\repos\курсовая\курсовая\Wallet.h(17,9): error C2061: синтаксическая ошибка: идентификатор "Debit_Card"
C:\Users\ElRomario\source\repos\курсовая\курсовая\Wallet.h(17,8): error C2535: Wallet::Wallet(void): функция-член уже определена или объявлена
C:\Users\ElRomario\source\repos\курсовая\курсовая\Wallet.h(16): message : см. объявление "Wallet::Wallet"
  Internet_Wallet.cpp
C:\Users\ElRomario\source\repos\курсовая\курсовая\Wallet.h(11,10): error C2065: Debit_Card: необъявленный идентификатор
C:\Users\ElRomario\source\repos\курсовая\курсовая\Wallet.h(11,3): error C2923: std::vector: "Debit_Card" не является допустимым аргументом типа шаблон для параметра "_Ty"
C:\Users\ElRomario\source\repos\курсовая\курсовая\Wallet.h(11): message : см. объявление "Debit_Card"
C:\Users\ElRomario\source\repos\курсовая\курсовая\Wallet.h(11,3): error C2976: std::vector: слишком мало аргументов шаблон
C:\Program Files (x86)\Microsoft Visual Studio\2019\Community\VC\Tools\MSVC\14.29.30133\include\vector(443): message : см. объявление "std::vector"
C:\Users\ElRomario\source\repos\курсовая\курсовая\Wallet.h(17,9): error C2061: синтаксическая ошибка: идентификатор "Debit_Card"
C:\Users\ElRomario\source\repos\курсовая\курсовая\Wallet.h(17,8): error C2535: Wallet::Wallet(void): функция-член уже определена или объявлена
C:\Users\ElRomario\source\repos\курсовая\курсовая\Wallet.h(16): message : см. объявление "Wallet::Wallet"
  Wallet.cpp
C:\Users\ElRomario\source\repos\курсовая\курсовая\Wallet.cpp(8,20): warning C4018: <: несоответствие типов со знаком и без знака
C:\Users\ElRomario\source\repos\курсовая\курсовая\Wallet.cpp(16): message : выполняется компиляция ссылки на экземпляр шаблон функции "void printAccount<Debit_Card>(const std::vector<Debit_Card,std::allocator<Debit_Card>> &)"
C:\Users\ElRomario\source\repos\курсовая\курсовая\Wallet.cpp(10,1): error C2662: void Debit_Card::printCardStatus(void): невозможно преобразовать указатель "this" из "const _Ty" в "Debit_Card &"
          with
          [
              _Ty=Debit_Card
          ]
C:\Users\ElRomario\source\repos\курсовая\курсовая\Wallet.cpp(10,8): message : В результате преобразования теряются квалификаторы
C:\Users\ElRomario\source\repos\курсовая\курсовая\Debit_Card.h(19,7): message : см. объявление "Debit_Card::printCardStatus"
C:\Users\ElRomario\source\repos\курсовая\курсовая\Wallet.cpp(10,1): error C2662: void Credit_Card::printCardStatus(void): невозможно преобразовать указатель "this" из "const _Ty" в "Credit_Card &"
          with
          [
              _Ty=Credit_Card
          ]
C:\Users\ElRomario\source\repos\курсовая\курсовая\Wallet.cpp(10,8): message : В результате преобразования теряются квалификаторы
C:\Users\ElRomario\source\repos\курсовая\курсовая\Credit_Card.h(20,7): message : см. объявление "Credit_Card::printCardStatus"
C:\Users\ElRomario\source\repos\курсовая\курсовая\Wallet.cpp(10,1): error C2662: void Internet_Wallet::printCardStatus(void): невозможно преобразовать указатель "this" из "const _Ty" в "Internet_Wallet &"
          with
          [
              _Ty=Internet_Wallet
          ]
C:\Users\ElRomario\source\repos\курсовая\курсовая\Wallet.cpp(10,8): message : В результате преобразования теряются квалификаторы
C:\Users\ElRomario\source\repos\курсовая\курсовая\Internet_Wallet.h(19,7): message : см. объявление "Internet_Wallet::printCardStatus"
  курсовая.cpp
  Создание кода...
